<?xml version="1.0" encoding="UTF-8"?>
<!-- Generated by org.testng.reporters.JUnitReportReporter -->
<testsuite skipped="0" hostname="LAPTOP-8PV5OBQH" name="great.itindustry" tests="1" failures="0" timestamp="2022-01-23T17:58:19 IST" time="23.445" errors="0">
  <testcase name="itindustry" time="23.445" classname="great.itindustry"/>
  <system-out/>
</testsuite> <!-- great.itindustry -->
